<?xml version="1.0" encoding="UTF-8"?>
<testng-results skipped="0" failed="0" total="1" passed="1">
  <reporter-output>
  </reporter-output>
  <suite name="Suite" duration-ms="24886" started-at="2015-11-02T11:12:03Z" finished-at="2015-11-02T11:12:28Z">
    <groups>
    </groups>
    <test name="Test" duration-ms="24886" started-at="2015-11-02T11:12:03Z" finished-at="2015-11-02T11:12:28Z">
      <class name="com.rubi.selenium.SnapdealDemo">
        <test-method status="PASS" signature="Startup()[pri:0, instance:com.rubi.selenium.SnapdealDemo@7471b5]" name="Startup" is-config="true" duration-ms="6549" started-at="2015-11-02T16:42:03Z" finished-at="2015-11-02T16:42:10Z">
          <reporter-output>
          </reporter-output>
        </test-method> <!-- Startup -->
        <test-method status="PASS" signature="GoogleLogin()[pri:0, instance:com.rubi.selenium.SnapdealDemo@7471b5]" name="GoogleLogin" duration-ms="17816" started-at="2015-11-02T16:42:10Z" description="Google Login" finished-at="2015-11-02T16:42:28Z">
          <reporter-output>
          </reporter-output>
        </test-method> <!-- GoogleLogin -->
        <test-method status="PASS" signature="teardown()[pri:0, instance:com.rubi.selenium.SnapdealDemo@7471b5]" name="teardown" is-config="true" duration-ms="503" started-at="2015-11-02T16:42:28Z" finished-at="2015-11-02T16:42:28Z">
          <reporter-output>
          </reporter-output>
        </test-method> <!-- teardown -->
      </class> <!-- com.rubi.selenium.SnapdealDemo -->
    </test> <!-- Test -->
  </suite> <!-- Suite -->
</testng-results>
